2025-07-10 12:04:22,013 - audio_download - INFO - Starting audio download job for batch 20250710
2025-07-10 12:04:22,013 - audio_download - INFO - Configuration: {'job_type': 'audio_download', 'batch_id': '20250710', 'video_urls': 'https://www.youtube.com/watch?v=dQw4w9WgXcQ', 'output_dir': '/volume/workspace/audio', 'max_downloads': 1}
2025-07-10 12:04:22,014 - audio_download - INFO - Processing 1 video URLs
2025-07-10 12:04:22,014 - audio_download - INFO - Processing video 1/1: https://www.youtube.com/watch?v=dQw4w9WgXcQ
2025-07-10 12:04:22,015 - root - INFO - Downloading audio from: https://www.youtube.com/watch?v=dQw4w9WgXcQ
2025-07-10 12:04:22,016 - root - INFO - Command: yt-dlp --extract-audio --audio-format wav --audio-quality 0 --output /volume/workspace/audio/%(title)s_%(id)s.%(ext)s --restrict-filenames --no-playlist https://www.youtube.com/watch?v=dQw4w9WgXcQ
2025-07-10 12:04:27,517 - audio_download - ERROR - ❌ Failed: No audio file found after download
2025-07-10 12:04:27,527 - audio_download - INFO - Results saved to: /volume/workspace/audio/download_results_20250710.json
2025-07-10 12:26:55,667 - audio_download - INFO - Starting audio download job for batch 20250710
2025-07-10 12:26:55,669 - audio_download - INFO - Configuration: {'job_type': 'audio_download', 'batch_id': '20250710', 'video_urls': 'https://www.youtube.com/watch?v=dQw4w9WgXcQ', 'output_dir': '/volume/workspace/audio', 'max_downloads': 1}
2025-07-10 12:26:55,670 - audio_download - INFO - Processing 1 video URLs
2025-07-10 12:26:55,670 - audio_download - INFO - Processing video 1/1: https://www.youtube.com/watch?v=dQw4w9WgXcQ
2025-07-10 12:26:55,671 - root - INFO - Downloading audio from: https://www.youtube.com/watch?v=dQw4w9WgXcQ
2025-07-10 12:26:55,672 - root - INFO - Command: yt-dlp --extract-audio --audio-format wav --audio-quality 0 --output /volume/workspace/audio/%(title)s_%(id)s.%(ext)s --restrict-filenames --no-playlist https://www.youtube.com/watch?v=dQw4w9WgXcQ
2025-07-10 12:26:59,247 - root - INFO - yt-dlp stdout: [youtube] Extracting URL: https://www.youtube.com/watch?v=dQw4w9WgXcQ
[youtube] dQw4w9WgXcQ: Downloading webpage
[youtube] dQw4w9WgXcQ: Downloading ios player API JSON
[youtube] dQw4w9WgXcQ: Downloading ios player API JSON
[youtube] dQw4w9WgXcQ: Downloading ios player API JSON
[youtube] dQw4w9WgXcQ: Downloading ios player API JSON
[youtube] dQw4w9WgXcQ: Downloading android player API JSON
[youtube] dQw4w9WgXcQ: Downloading android player API JSON
[youtube] dQw4w9WgXcQ: Downloading android player API JSON
[youtube] dQw4w9WgXcQ: Downloading android player API JSON
[youtube] dQw4w9WgXcQ: Downloading player ef259203
[info] dQw4w9WgXcQ: Downloading 1 format(s): sb0
[download] /volume/workspace/audio/Rick_Astley_-_Never_Gonna_Give_You_Up_Official_Video_4K_Remaster_dQw4w9WgXcQ.mhtml has already been downloaded

[download] 100% of  298.50KiB
[ExtractAudio] Skipping images

2025-07-10 12:26:59,248 - root - WARNING - yt-dlp stderr: WARNING: [youtube] YouTube said: ERROR - Precondition check failed.
WARNING: [youtube] HTTP Error 400: Bad Request. Retrying (1/3)...
WARNING: [youtube] YouTube said: ERROR - Precondition check failed.
WARNING: [youtube] HTTP Error 400: Bad Request. Retrying (2/3)...
WARNING: [youtube] YouTube said: ERROR - Precondition check failed.
WARNING: [youtube] HTTP Error 400: Bad Request. Retrying (3/3)...
WARNING: [youtube] YouTube said: ERROR - Precondition check failed.
WARNING: [youtube] YouTube said: ERROR - Precondition check failed.
WARNING: [youtube] HTTP Error 400: Bad Request. Retrying (1/3)...
WARNING: [youtube] YouTube said: ERROR - Precondition check failed.
WARNING: [youtube] HTTP Error 400: Bad Request. Retrying (2/3)...
WARNING: [youtube] YouTube said: ERROR - Precondition check failed.
WARNING: [youtube] HTTP Error 400: Bad Request. Retrying (3/3)...
WARNING: [youtube] YouTube said: ERROR - Precondition check failed.
WARNING: [youtube] Unable to download API page: HTTP Error 400: Bad Request (caused by <HTTPError 400: Bad Request>); please report this issue on  https://github.com/yt-dlp/yt-dlp/issues?q= , filling out the appropriate issue template. Confirm you are on the latest version using  yt-dlp -U
WARNING: [youtube] Unable to download API page: HTTP Error 400: Bad Request (caused by <HTTPError 400: Bad Request>); please report this issue on  https://github.com/yt-dlp/yt-dlp/issues?q= , filling out the appropriate issue template. Confirm you are on the latest version using  yt-dlp -U
WARNING: [youtube] dQw4w9WgXcQ: Signature extraction failed: Some formats may be missing
WARNING: Only images are available for download. use --list-formats to see them

2025-07-10 12:26:59,254 - root - INFO - Files in output directory: ['download_results_20250710.json', 'Rick_Astley_-_Never_Gonna_Give_You_Up_Official_Video_4K_Remaster_dQw4w9WgXcQ.mhtml']
2025-07-10 12:26:59,255 - root - INFO - WAV files found: []
2025-07-10 12:26:59,255 - audio_download - ERROR - ❌ Failed: No audio file found after download. Files in directory: ['download_results_20250710.json', 'Rick_Astley_-_Never_Gonna_Give_You_Up_Official_Video_4K_Remaster_dQw4w9WgXcQ.mhtml']
2025-07-10 12:26:59,266 - audio_download - INFO - Results saved to: /volume/workspace/audio/download_results_20250710.json
2025-07-10 12:30:32,458 - audio_download - INFO - Starting audio download job for batch 20250710
2025-07-10 12:30:32,459 - audio_download - INFO - Configuration: {'job_type': 'audio_download', 'batch_id': '20250710', 'video_urls': 'https://www.youtube.com/watch?v=dQw4w9WgXcQ', 'output_dir': '/volume/workspace/audio', 'max_downloads': 1}
2025-07-10 12:30:32,460 - audio_download - INFO - Processing 1 video URLs
2025-07-10 12:30:32,461 - audio_download - INFO - Processing video 1/1: https://www.youtube.com/watch?v=dQw4w9WgXcQ
2025-07-10 12:30:32,461 - root - INFO - Downloading audio from: https://www.youtube.com/watch?v=dQw4w9WgXcQ
2025-07-10 12:30:32,462 - root - INFO - Command: yt-dlp --extract-audio --audio-format wav --audio-quality 0 --output /volume/workspace/audio/%(title)s_%(id)s.%(ext)s --restrict-filenames --no-playlist https://www.youtube.com/watch?v=dQw4w9WgXcQ
2025-07-10 12:30:36,501 - root - INFO - yt-dlp stdout: [youtube] Extracting URL: https://www.youtube.com/watch?v=dQw4w9WgXcQ
[youtube] dQw4w9WgXcQ: Downloading webpage
[youtube] dQw4w9WgXcQ: Downloading ios player API JSON
[youtube] dQw4w9WgXcQ: Downloading ios player API JSON
[youtube] dQw4w9WgXcQ: Downloading ios player API JSON
[youtube] dQw4w9WgXcQ: Downloading ios player API JSON
[youtube] dQw4w9WgXcQ: Downloading android player API JSON
[youtube] dQw4w9WgXcQ: Downloading android player API JSON
[youtube] dQw4w9WgXcQ: Downloading android player API JSON
[youtube] dQw4w9WgXcQ: Downloading android player API JSON
[youtube] dQw4w9WgXcQ: Downloading player ef259203
[info] dQw4w9WgXcQ: Downloading 1 format(s): sb0
[download] /volume/workspace/audio/Rick_Astley_-_Never_Gonna_Give_You_Up_Official_Video_4K_Remaster_dQw4w9WgXcQ.mhtml has already been downloaded

[download] 100% of  298.50KiB
[ExtractAudio] Skipping images

2025-07-10 12:30:36,502 - root - WARNING - yt-dlp stderr: WARNING: [youtube] YouTube said: ERROR - Precondition check failed.
WARNING: [youtube] HTTP Error 400: Bad Request. Retrying (1/3)...
WARNING: [youtube] YouTube said: ERROR - Precondition check failed.
WARNING: [youtube] HTTP Error 400: Bad Request. Retrying (2/3)...
WARNING: [youtube] YouTube said: ERROR - Precondition check failed.
WARNING: [youtube] HTTP Error 400: Bad Request. Retrying (3/3)...
WARNING: [youtube] YouTube said: ERROR - Precondition check failed.
WARNING: [youtube] YouTube said: ERROR - Precondition check failed.
WARNING: [youtube] HTTP Error 400: Bad Request. Retrying (1/3)...
WARNING: [youtube] YouTube said: ERROR - Precondition check failed.
WARNING: [youtube] HTTP Error 400: Bad Request. Retrying (2/3)...
WARNING: [youtube] YouTube said: ERROR - Precondition check failed.
WARNING: [youtube] HTTP Error 400: Bad Request. Retrying (3/3)...
WARNING: [youtube] YouTube said: ERROR - Precondition check failed.
WARNING: [youtube] Unable to download API page: HTTP Error 400: Bad Request (caused by <HTTPError 400: Bad Request>); please report this issue on  https://github.com/yt-dlp/yt-dlp/issues?q= , filling out the appropriate issue template. Confirm you are on the latest version using  yt-dlp -U
WARNING: [youtube] Unable to download API page: HTTP Error 400: Bad Request (caused by <HTTPError 400: Bad Request>); please report this issue on  https://github.com/yt-dlp/yt-dlp/issues?q= , filling out the appropriate issue template. Confirm you are on the latest version using  yt-dlp -U
WARNING: [youtube] dQw4w9WgXcQ: Signature extraction failed: Some formats may be missing
WARNING: Only images are available for download. use --list-formats to see them

2025-07-10 12:30:36,518 - root - INFO - Files in output directory: ['download_results_20250710.json', 'Rick_Astley_-_Never_Gonna_Give_You_Up_Official_Video_4K_Remaster_dQw4w9WgXcQ.mhtml']
2025-07-10 12:30:36,519 - root - INFO - WAV files found: []
2025-07-10 12:30:36,519 - audio_download - ERROR - ❌ Failed: No audio file found after download. Files in directory: ['download_results_20250710.json', 'Rick_Astley_-_Never_Gonna_Give_You_Up_Official_Video_4K_Remaster_dQw4w9WgXcQ.mhtml']
2025-07-10 12:30:36,530 - audio_download - INFO - Results saved to: /volume/workspace/audio/download_results_20250710.json
2025-07-10 13:42:49,368 - audio_download - INFO - Starting audio download job for batch 20250710
2025-07-10 13:42:49,369 - audio_download - INFO - Configuration: {'job_type': 'audio_download', 'batch_id': '20250710', 'video_urls': 'https://www.youtube.com/watch?v=dQw4w9WgXcQ', 'output_dir': '/volume/workspace/audio', 'max_downloads': 1}
2025-07-10 13:42:49,370 - audio_download - INFO - Processing 1 video URLs
2025-07-10 13:42:49,371 - audio_download - INFO - Processing video 1/1: https://www.youtube.com/watch?v=dQw4w9WgXcQ
2025-07-10 13:42:49,372 - root - INFO - Downloading audio from: https://www.youtube.com/watch?v=dQw4w9WgXcQ
2025-07-10 13:42:49,373 - root - INFO - Target file: /volume/workspace/audio/dQw4w9WgXcQ_20250710.wav
2025-07-10 13:42:49,373 - root - INFO - Attempting download with pytubefix...
2025-07-10 13:42:49,374 - root - INFO - Trying pytubefix download for: https://www.youtube.com/watch?v=dQw4w9WgXcQ
2025-07-10 13:42:50,415 - root - INFO - Found audio stream: 128kbps - audio/mp4
2025-07-10 13:42:52,639 - root - INFO - pytubefix download successful: /volume/workspace/audio/dQw4w9WgXcQ_20250710.wav (6659.1KB)
2025-07-10 13:42:52,640 - root - INFO - pytubefix download successful!
2025-07-10 13:42:52,640 - audio_download - INFO - ✅ Downloaded: dQw4w9WgXcQ_20250710.wav
2025-07-10 13:42:52,651 - audio_download - INFO - Results saved to: /volume/workspace/audio/download_results_20250710.json
2025-07-10 13:47:59,281 - audio_download - INFO - Starting audio download job for batch 20250710
2025-07-10 13:47:59,283 - audio_download - INFO - Configuration: {'job_type': 'audio_download', 'batch_id': '20250710', 'video_urls': 'https://www.youtube.com/watch?v=dQw4w9WgXcQ', 'output_dir': '/volume/workspace/audio', 'max_downloads': 1}
2025-07-10 13:47:59,285 - audio_download - INFO - Processing 1 video URLs
2025-07-10 13:47:59,286 - audio_download - INFO - Processing video 1/1: https://www.youtube.com/watch?v=dQw4w9WgXcQ
2025-07-10 13:47:59,286 - root - INFO - Downloading audio from: https://www.youtube.com/watch?v=dQw4w9WgXcQ
2025-07-10 13:47:59,288 - root - INFO - Target file: /volume/workspace/audio/dQw4w9WgXcQ_20250710.wav
2025-07-10 13:47:59,289 - root - INFO - Attempting download with pytubefix...
2025-07-10 13:47:59,289 - root - INFO - Trying pytubefix download for: https://www.youtube.com/watch?v=dQw4w9WgXcQ
2025-07-10 13:48:00,208 - root - INFO - Found audio stream: 128kbps - audio/mp4
2025-07-10 13:48:00,791 - root - INFO - pytubefix download successful: /volume/workspace/audio/dQw4w9WgXcQ_20250710.wav (6659.1KB)
2025-07-10 13:48:00,792 - root - INFO - pytubefix download successful!
2025-07-10 13:48:00,793 - audio_download - INFO - ✅ Downloaded: dQw4w9WgXcQ_20250710.wav
2025-07-10 13:48:00,817 - audio_download - INFO - Results saved to: /volume/workspace/audio/download_results_20250710.json
